C51 COMPILER V9.00   HX711                                                                 04/15/2018 13:05:45 PAGE 1   


C51 COMPILER V9.00, COMPILATION OF MODULE HX711
OBJECT MODULE PLACED IN HX711.OBJ
COMPILER INVOKED BY: D:\Program Files\C51\BIN\C51.EXE HX711.c BROWSE DEBUG OBJECTEXTEND

line level    source

   1          #include "HX711.h"
   2          
   3          
   4          //****************************************************
   5          //延时函数
   6          //****************************************************
   7          void Delay__hx711_us(void)
   8          {
   9   1              _nop_();
  10   1              _nop_();
  11   1      }
  12          
  13          //****************************************************
  14          //读取HX711
  15          //****************************************************
  16          unsigned long HX711_Read(void)  //增益128
  17          {
  18   1              unsigned long count; 
  19   1              unsigned char i; 
  20   1              HX711_DOUT=1; 
  21   1              Delay__hx711_us();
  22   1              HX711_SCK=0; 
  23   1              count=0;
  24   1              EA = 1; 
  25   1              while(HX711_DOUT); 
  26   1              EA = 0;
  27   1              for(i=0;i<24;i++)
  28   1              { 
  29   2                      HX711_SCK=1; 
  30   2                      count=count<<1; 
  31   2                      HX711_SCK=0; 
  32   2                      if(HX711_DOUT)
  33   2                              count++; 
  34   2              } 
  35   1              HX711_SCK=1; 
  36   1          count=count^0x800000;//第25个脉冲下降沿来时，转换数据
  37   1              Delay__hx711_us();
  38   1              HX711_SCK=0;  
  39   1              return(count);
  40   1      }
  41          
  42          
  43          
  44          
  45          
  46          


MODULE INFORMATION:   STATIC OVERLAYABLE
   CODE SIZE        =     68    ----
   CONSTANT SIZE    =   ----    ----
   XDATA SIZE       =   ----    ----
   PDATA SIZE       =   ----    ----
   DATA SIZE        =   ----    ----
   IDATA SIZE       =   ----    ----
C51 COMPILER V9.00   HX711                                                                 04/15/2018 13:05:45 PAGE 2   

   BIT SIZE         =   ----    ----
END OF MODULE INFORMATION.


C51 COMPILATION COMPLETE.  0 WARNING(S),  0 ERROR(S)
