C51 COMPILER V9.00   UART                                                                  04/15/2018 13:05:45 PAGE 1   


C51 COMPILER V9.00, COMPILATION OF MODULE UART
OBJECT MODULE PLACED IN uart.OBJ
COMPILER INVOKED BY: D:\Program Files\C51\BIN\C51.EXE uart.c BROWSE DEBUG OBJECTEXTEND

line level    source

   1          #include "uart.h"
   2          
   3          //unsigned char RX_Buffer[30];
   4          unsigned char Num = 0;
   5          bit Flag_Receive_OK = 0;
   6          
   7          
   8          void Uart_Init()                                                                   
   9          {
  10   1              SCON = 0X50;  //UART方式1；8位UART
  11   1              REN  = 0;     //不允许串行口接收数据
  12   1              PCON = 0x00;  //SMOD=0;波特率不加倍
  13   1              TMOD = 0x21;  //T1方式2，用于产生波特率
  14   1              TH1  = 0xFD;  //装初值
  15   1              TL1  = 0xFD;
  16   1              TR1  = 1;     //启动定时器1
  17   1              EA   = 1;     //打开全局中断控制
  18   1              ES   = 0;     //串行口中断      
  19   1      }
  20          
  21          void Send_Word(unsigned char *p)                                //发送字符串
  22          {       
  23   1              while(*p)
  24   1              {
  25   2                      SBUF=*(p++);
  26   2                      while(TI==0)
  27   2                      {
  28   3                              ;
  29   3                              ;
  30   3                              ;
  31   3                      };
  32   2                      TI=0;
  33   2              }   
  34   1      }
  35          
  36          void Send_ASCII(unsigned char c)                                //发送一个字符
  37          { 
  38   1          TI=0;   
  39   1          SBUF=c;   
  40   1          while(TI==0);   
  41   1          TI=0;   
  42   1      }
  43          
  44          
  45          
  46          
  47          
  48          
  49          
  50          
  51          
  52          
  53          
  54          
  55          
C51 COMPILER V9.00   UART                                                                  04/15/2018 13:05:45 PAGE 2   

  56          
  57          
  58          
  59          
  60          
  61          
  62          
  63          
  64          
  65          


MODULE INFORMATION:   STATIC OVERLAYABLE
   CODE SIZE        =     74    ----
   CONSTANT SIZE    =   ----    ----
   XDATA SIZE       =   ----    ----
   PDATA SIZE       =   ----    ----
   DATA SIZE        =      1       3
   IDATA SIZE       =   ----    ----
   BIT SIZE         =      1    ----
END OF MODULE INFORMATION.


C51 COMPILATION COMPLETE.  0 WARNING(S),  0 ERROR(S)
